<?xml version="1.0" encoding="UTF-8"?>
<testsuite name="Testing.Package.ClientCommTest" tests="2" skipped="0" failures="0" errors="0" timestamp="2017-01-04T09:06:36" hostname="DESKTOP-LBC9K4R" time="0.234">
  <properties/>
  <testcase name="testStaffRequest" classname="Testing.Package.ClientCommTest" time="0.156"/>
  <testcase name="testSendInfo" classname="Testing.Package.ClientCommTest" time="0.078"/>
  <system-out><![CDATA[]]></system-out>
  <system-err><![CDATA[]]></system-err>
</testsuite>
