<?xml version="1.0" encoding="UTF-8"?>
<testsuite name="Testing.Package.StaffTest" tests="4" skipped="0" failures="0" errors="0" timestamp="2017-01-04T09:06:37" hostname="DESKTOP-LBC9K4R" time="0.125">
  <properties/>
  <testcase name="testVerifyForCollector2" classname="Testing.Package.StaffTest" time="0.016"/>
  <testcase name="testVerifyForCollector3" classname="Testing.Package.StaffTest" time="0.0"/>
  <testcase name="testVerifyForCollector" classname="Testing.Package.StaffTest" time="0.0"/>
  <testcase name="testHmac" classname="Testing.Package.StaffTest" time="0.109"/>
  <system-out><![CDATA[CXTfyy84BfM0iMC/Pr3kNiuqyJz85ZilYr8m/I11/tw=

]]></system-out>
  <system-err><![CDATA[]]></system-err>
</testsuite>
