<?xml version="1.0" encoding="UTF-8"?>
<testsuite name="Testing.Package.QueueTest" tests="2" skipped="0" failures="0" errors="0" timestamp="2017-01-04T09:06:37" hostname="DESKTOP-LBC9K4R" time="0.0">
  <properties/>
  <testcase name="testSendQueue" classname="Testing.Package.QueueTest" time="0.0"/>
  <testcase name="testCreateReceiveQueue" classname="Testing.Package.QueueTest" time="0.0"/>
  <system-out><![CDATA[]]></system-out>
  <system-err><![CDATA[]]></system-err>
</testsuite>
