<?xml version="1.0" encoding="UTF-8"?>
<testsuite name="Testing.Package.StaffTest" tests="2" skipped="0" failures="0" errors="0" timestamp="2016-11-13T10:36:41" hostname="Kriss" time="0.295">
  <properties/>
  <testcase name="testResponse" classname="Testing.Package.StaffTest" time="0.0"/>
  <testcase name="testHmac" classname="Testing.Package.StaffTest" time="0.295"/>
  <system-out><![CDATA[CXTfyy84BfM0iMC/Pr3kNiuqyJz85ZilYr8m/I11/tw=
]]></system-out>
  <system-err><![CDATA[]]></system-err>
</testsuite>
