<?xml version="1.0" encoding="UTF-8"?>
<testsuite name="Testing.Package.StaffTest" tests="4" skipped="0" failures="0" errors="0" timestamp="2016-11-23T08:36:19" hostname="DESKTOP-LBC9K4R" time="0.108">
  <properties/>
  <testcase name="testVerifyForCollector2" classname="Testing.Package.StaffTest" time="0.001"/>
  <testcase name="testVerifyForCollector" classname="Testing.Package.StaffTest" time="0.001"/>
  <testcase name="testVerifyForCollector3" classname="Testing.Package.StaffTest" time="0.001"/>
  <testcase name="testHmac" classname="Testing.Package.StaffTest" time="0.105"/>
  <system-out><![CDATA[CXTfyy84BfM0iMC/Pr3kNiuqyJz85ZilYr8m/I11/tw=

]]></system-out>
  <system-err><![CDATA[]]></system-err>
</testsuite>
