<?xml version="1.0" encoding="UTF-8"?>
<testsuite name="Testing.Package.ClientCommTest" tests="2" skipped="0" failures="0" errors="0" timestamp="2016-11-23T08:36:18" hostname="DESKTOP-LBC9K4R" time="0.267">
  <properties/>
  <testcase name="testSendInfo" classname="Testing.Package.ClientCommTest" time="0.088"/>
  <testcase name="testStaffRequest" classname="Testing.Package.ClientCommTest" time="0.179"/>
  <system-out><![CDATA[]]></system-out>
  <system-err><![CDATA[]]></system-err>
</testsuite>
