<?xml version="1.0" encoding="UTF-8"?>
<testsuite name="Testing.Package.QueueTest" tests="2" skipped="0" failures="0" errors="0" timestamp="2016-11-23T08:36:19" hostname="DESKTOP-LBC9K4R" time="0.003">
  <properties/>
  <testcase name="testSendQueue" classname="Testing.Package.QueueTest" time="0.003"/>
  <testcase name="testCreateReceiveQueue" classname="Testing.Package.QueueTest" time="0.0"/>
  <system-out><![CDATA[]]></system-out>
  <system-err><![CDATA[]]></system-err>
</testsuite>
