<?xml version="1.0" encoding="UTF-8"?>
<testsuite name="Testing.Package.QueueTest" tests="2" skipped="0" failures="0" errors="0" timestamp="2016-11-20T04:27:03" hostname="Kriss" time="0.008">
  <properties/>
  <testcase name="testCreateReceiveQueue" classname="Testing.Package.QueueTest" time="0.006"/>
  <testcase name="testSendQueue" classname="Testing.Package.QueueTest" time="0.001"/>
  <system-out><![CDATA[]]></system-out>
  <system-err><![CDATA[]]></system-err>
</testsuite>
