<?xml version="1.0" encoding="UTF-8"?>
<testsuite name="Testing.Package.ChiefData_Test" tests="1" skipped="0" failures="0" errors="0" timestamp="2016-11-23T05:09:22" hostname="DESKTOP-LBC9K4R" time="0.273">
  <properties/>
  <testcase name="testUpdateTime" classname="Testing.Package.ChiefData_Test" time="0.273"/>
  <system-out><![CDATA[]]></system-out>
  <system-err><![CDATA[]]></system-err>
</testsuite>
