<?xml version="1.0" encoding="UTF-8"?>
<testsuite name="Testing.Package.ChiefData_Test" tests="1" skipped="0" failures="0" errors="0" timestamp="2016-11-20T08:03:12" hostname="Kriss" time="0.616">
  <properties/>
  <testcase name="testUpdateTime" classname="Testing.Package.ChiefData_Test" time="0.616"/>
  <system-out><![CDATA[]]></system-out>
  <system-err><![CDATA[]]></system-err>
</testsuite>
