<?xml version="1.0" encoding="UTF-8"?>
<testsuite name="Testing.Package.GetDataTest" tests="2" skipped="0" failures="0" errors="0" timestamp="2016-12-28T08:29:49" hostname="DESKTOP-LBC9K4R" time="0.015">
  <properties/>
  <testcase name="testGetListWithOneCond" classname="Testing.Package.GetDataTest" time="0.015"/>
  <testcase name="testGetDataAll" classname="Testing.Package.GetDataTest" time="0.0"/>
  <system-out><![CDATA[1
20
]]></system-out>
  <system-err><![CDATA[]]></system-err>
</testsuite>
